/var/lib/condor/execute/slot1/dir_138071
_condor_stderr
_condor_stdout
bin
checkpoint
compiler_compat
conda-meta
condor_exec.exe
cp.cpkt.data-00000-of-00001
cp.cpkt.index
flex_nn_model.py
include
islet
islet_1.tar.gz
islet_502.in
islet_indices.pkl
islet_weights.tar.gz
lib
licensing
new_CV.py
permutate_test.py
px
px.tar.gz
share
ssl
tmp
toy_eval.py
var
x86_64-conda-linux-gnu
x86_64-conda_cos6-linux-gnu
/var/lib/condor/execute/slot1/dir_138071
/var/lib/condor/execute/slot1/dir_138071
Run id: islet_502
(441, 31463) (441, 4) (50, 31463) (50, 4)
/var/lib/condor/execute/slot1/dir_138071
__pycache__
_condor_stderr
_condor_stdout
bin
checkpoint
compiler_compat
conda-meta
condor_exec.exe
cp.cpkt.data-00000-of-00001
cp.cpkt.index
flex_nn_model.py
include
islet
islet_1.tar.gz
islet_502.in
islet_indices.pkl
islet_weights.tar.gz
lib
licensing
new_CV.py
permutate_test.py
px
px.tar.gz
share
ssl
tmp
toy_eval.py
var
x86_64-conda-linux-gnu
x86_64-conda_cos6-linux-gnu
